#
# There is insufficient memory for the Java Runtime Environment to continue.
# Native memory allocation (mmap) failed to map 130023424 bytes for committing reserved memory.
# Possible reasons:
#   The system is out of physical RAM or swap space
#   The process is running with CompressedOops enabled, and the Java Heap may be blocking the growth of the native heap
# Possible solutions:
#   Reduce memory load on the system
#   Increase physical memory or swap space
#   Check if swap backing store is full
#   Decrease Java heap size (-Xmx/-Xms)
#   Decrease number of Java threads
#   Decrease Java thread stack sizes (-Xss)
#   Set larger code cache with -XX:ReservedCodeCacheSize=
# This output file may be truncated or incomplete.
#
#  Out of Memory Error (os_linux.cpp:2839), pid=23645, tid=23647
#
# JRE version:  (11.0.5+10) (build )
# Java VM: OpenJDK 64-Bit Server VM (11.0.5+10-post-Ubuntu-0ubuntu1.118.04, mixed mode, aot, sharing, tiered, compressed oops, g1 gc, linux-amd64)
# Core dump will be written. Default location: Core dumps may be processed with "/usr/share/apport/apport %p %s %c %d %P" (or dumping to /home/praveen/eclipse-workspace/RestAssuredAPITesting/core.23645)
#

---------------  S U M M A R Y ------------

Command Line: -ea -Dfile.encoding=UTF-8 org.testng.remote.RemoteTestNG -serport 41963 -protocol json -d /home/praveen/eclipse-workspace/RestAssuredAPITesting/test-output /tmp/testng-eclipse-996274519/testng-customsuite.xml

Host: Intel(R) Core(TM) i5-8265U CPU @ 1.60GHz, 8 cores, 7G, Ubuntu 18.04.3 LTS
Time: Mon Dec 23 17:10:09 2019 IST elapsed time: 0 seconds (0d 0h 0m 0s)

---------------  T H R E A D  ---------------

Current thread (0x00007ff384015800):  JavaThread "Unknown thread" [_thread_in_vm, id=23647, stack(0x00007ff38e9d3000,0x00007ff38ead4000)]

Stack: [0x00007ff38e9d3000,0x00007ff38ead4000],  sp=0x00007ff38ead22c0,  free space=1020k
Native frames: (J=compiled Java code, A=aot compiled Java code, j=interpreted, Vv=VM code, C=native code)
V  [libjvm.so+0xdec067]
V  [libjvm.so+0xdeccbb]
V  [libjvm.so+0x64fc15]
V  [libjvm.so+0xbc77d8]
V  [libjvm.so+0xbbf0fd]
V  [libjvm.so+0x76d91f]
V  [libjvm.so+0x76db8e]
V  [libjvm.so+0x779c00]
V  [libjvm.so+0x7f4f49]
V  [libjvm.so+0x7f5ba2]
V  [libjvm.so+0x7f6009]
V  [libjvm.so+0x72c0df]
V  [libjvm.so+0x72c7cd]
V  [libjvm.so+0xda6892]
V  [libjvm.so+0xda6b26]
V  [libjvm.so+0x815b47]
V  [libjvm.so+0xd7e2c7]
V  [libjvm.so+0x8cf6c1]  JNI_CreateJavaVM+0x51
C  [libjli.so+0x4a66]
C  [libjli.so+0x92cd]


---------------  P R O C E S S  ---------------

Threads class SMR info:
_java_thread_list=0x000056052e2d6f40, length=0, elements={
}

Java Threads: ( => current thread )

Other Threads:
  0x00007ff38402e800 GCTaskThread "GC Thread#0" [stack: 0x00007ff38a9be000,0x00007ff38aabe000] [id=23650]
  0x00007ff38405f800 ConcurrentGCThread "G1 Main Marker" [stack: 0x00007ff389532000,0x00007ff389632000] [id=23651]
  0x00007ff384061800 ConcurrentGCThread "G1 Conc#0" [stack: 0x00007ff389430000,0x00007ff389530000] [id=23654]

[error occurred during error reporting (printing all threads), id 0xb, SIGSEGV (0xb) at pc=0x00007ff38cfaa3f0]

VM state:not at safepoint (not fully initialized)

VM Mutex/Monitor currently owned by a thread:  ([mutex/lock_event])
[0x00007ff384012010] Heap_lock - owner thread: 0x00007ff384015800

Heap address: 0x0000000085400000, size: 1964 MB, Compressed Oops mode: Non-zero based: 0x0000000085400000
Narrow klass base: 0x0000000000000000, Narrow klass shift: 0

GC Heap History (0 events):
No events

Deoptimization events (0 events):
No events

Classes redefined (0 events):
No events

Internal exceptions (0 events):
No events

Events (1 events):
Event: 0.019 Protecting memory [0x00007ff38e9d3000,0x00007ff38e9d7000] with protection modes 0


Dynamic libraries:
8d000000-100000000 ---p 00000000 00:00 0 
56052e003000-56052e004000 r-xp 00000000 103:03 12321675                  /usr/lib/jvm/java-11-openjdk-amd64/bin/java
56052e204000-56052e205000 r--p 00001000 103:03 12321675                  /usr/lib/jvm/java-11-openjdk-amd64/bin/java
56052e205000-56052e206000 rw-p 00002000 103:03 12321675                  /usr/lib/jvm/java-11-openjdk-amd64/bin/java
56052e2be000-56052e2df000 rw-p 00000000 00:00 0                          [heap]
7ff358000000-7ff358021000 rw-p 00000000 00:00 0 
7ff358021000-7ff35c000000 ---p 00000000 00:00 0 
7ff35e000000-7ff360000000 rw-p 00000000 00:00 0 
7ff360000000-7ff360021000 rw-p 00000000 00:00 0 
7ff360021000-7ff364000000 ---p 00000000 00:00 0 
7ff3642a0000-7ff368000000 ---p 00000000 00:00 0 
7ff368000000-7ff368021000 rw-p 00000000 00:00 0 
7ff368021000-7ff36c000000 ---p 00000000 00:00 0 
7ff36c93e000-7ff36cbae000 rwxp 00000000 00:00 0 
7ff36cbae000-7ff36cecf000 ---p 00000000 00:00 0 
7ff36cecf000-7ff36d13f000 rwxp 00000000 00:00 0 
7ff36d13f000-7ff374406000 ---p 00000000 00:00 0 
7ff374406000-7ff374676000 rwxp 00000000 00:00 0 
7ff374676000-7ff37b93e000 ---p 00000000 00:00 0 
7ff37b93e000-7ff384000000 r--s 00000000 103:03 12326884                  /usr/lib/jvm/java-11-openjdk-amd64/lib/modules
7ff384000000-7ff38408d000 rw-p 00000000 00:00 0 
7ff38408d000-7ff388000000 ---p 00000000 00:00 0 
7ff388c26000-7ff38942e000 rw-p 00000000 00:00 0 
7ff38942e000-7ff38942f000 ---p 00000000 00:00 0 
7ff38942f000-7ff389530000 rw-p 00000000 00:00 0 
7ff389530000-7ff389531000 ---p 00000000 00:00 0 
7ff389531000-7ff389632000 rw-p 00000000 00:00 0 
7ff389632000-7ff38a1b4000 ---p 00000000 00:00 0 
7ff38a1b4000-7ff38a9bc000 rw-p 00000000 00:00 0 
7ff38a9bc000-7ff38a9bd000 ---p 00000000 00:00 0 
7ff38a9bd000-7ff38aac3000 rw-p 00000000 00:00 0 
7ff38aac3000-7ff38aba9000 ---p 00000000 00:00 0 
7ff38aba9000-7ff38abae000 rw-p 00000000 00:00 0 
7ff38abae000-7ff38ac94000 ---p 00000000 00:00 0 
7ff38ac94000-7ff38ac99000 r-xp 00000000 103:03 12326866                  /usr/lib/jvm/java-11-openjdk-amd64/lib/libjimage.so
7ff38ac99000-7ff38ae98000 ---p 00005000 103:03 12326866                  /usr/lib/jvm/java-11-openjdk-amd64/lib/libjimage.so
7ff38ae98000-7ff38ae99000 r--p 00004000 103:03 12326866                  /usr/lib/jvm/java-11-openjdk-amd64/lib/libjimage.so
7ff38ae99000-7ff38ae9a000 rw-p 00005000 103:03 12326866                  /usr/lib/jvm/java-11-openjdk-amd64/lib/libjimage.so
7ff38ae9a000-7ff38aea1000 r-xp 00000000 103:03 12326883                  /usr/lib/jvm/java-11-openjdk-amd64/lib/libzip.so
7ff38aea1000-7ff38b0a0000 ---p 00007000 103:03 12326883                  /usr/lib/jvm/java-11-openjdk-amd64/lib/libzip.so
7ff38b0a0000-7ff38b0a1000 r--p 00006000 103:03 12326883                  /usr/lib/jvm/java-11-openjdk-amd64/lib/libzip.so
7ff38b0a1000-7ff38b0a2000 rw-p 00007000 103:03 12326883                  /usr/lib/jvm/java-11-openjdk-amd64/lib/libzip.so
7ff38b0a2000-7ff38b0ad000 r-xp 00000000 103:03 3412733                   /lib/x86_64-linux-gnu/libnss_files-2.27.so
7ff38b0ad000-7ff38b2ac000 ---p 0000b000 103:03 3412733                   /lib/x86_64-linux-gnu/libnss_files-2.27.so
7ff38b2ac000-7ff38b2ad000 r--p 0000a000 103:03 3412733                   /lib/x86_64-linux-gnu/libnss_files-2.27.so
7ff38b2ad000-7ff38b2ae000 rw-p 0000b000 103:03 3412733                   /lib/x86_64-linux-gnu/libnss_files-2.27.so
7ff38b2ae000-7ff38b2b4000 rw-p 00000000 00:00 0 
7ff38b2b4000-7ff38b2cb000 r-xp 00000000 103:03 3412727                   /lib/x86_64-linux-gnu/libnsl-2.27.so
7ff38b2cb000-7ff38b4ca000 ---p 00017000 103:03 3412727                   /lib/x86_64-linux-gnu/libnsl-2.27.so
7ff38b4ca000-7ff38b4cb000 r--p 00016000 103:03 3412727                   /lib/x86_64-linux-gnu/libnsl-2.27.so
7ff38b4cb000-7ff38b4cc000 rw-p 00017000 103:03 3412727                   /lib/x86_64-linux-gnu/libnsl-2.27.so
7ff38b4cc000-7ff38b4ce000 rw-p 00000000 00:00 0 
7ff38b4ce000-7ff38b4d9000 r-xp 00000000 103:03 3412744                   /lib/x86_64-linux-gnu/libnss_nis-2.27.so
7ff38b4d9000-7ff38b6d8000 ---p 0000b000 103:03 3412744                   /lib/x86_64-linux-gnu/libnss_nis-2.27.so
7ff38b6d8000-7ff38b6d9000 r--p 0000a000 103:03 3412744                   /lib/x86_64-linux-gnu/libnss_nis-2.27.so
7ff38b6d9000-7ff38b6da000 rw-p 0000b000 103:03 3412744                   /lib/x86_64-linux-gnu/libnss_nis-2.27.so
7ff38b6da000-7ff38b6e2000 r-xp 00000000 103:03 3412729                   /lib/x86_64-linux-gnu/libnss_compat-2.27.so
7ff38b6e2000-7ff38b8e2000 ---p 00008000 103:03 3412729                   /lib/x86_64-linux-gnu/libnss_compat-2.27.so
7ff38b8e2000-7ff38b8e3000 r--p 00008000 103:03 3412729                   /lib/x86_64-linux-gnu/libnss_compat-2.27.so
7ff38b8e3000-7ff38b8e4000 rw-p 00009000 103:03 3412729                   /lib/x86_64-linux-gnu/libnss_compat-2.27.so
7ff38b8e4000-7ff38b90d000 r-xp 00000000 103:03 12326862                  /usr/lib/jvm/java-11-openjdk-amd64/lib/libjava.so
7ff38b90d000-7ff38bb0c000 ---p 00029000 103:03 12326862                  /usr/lib/jvm/java-11-openjdk-amd64/lib/libjava.so
7ff38bb0c000-7ff38bb0d000 r--p 00028000 103:03 12326862                  /usr/lib/jvm/java-11-openjdk-amd64/lib/libjava.so
7ff38bb0d000-7ff38bb0f000 rw-p 00029000 103:03 12326862                  /usr/lib/jvm/java-11-openjdk-amd64/lib/libjava.so
7ff38bb0f000-7ff38bb1c000 r-xp 00000000 103:03 12326882                  /usr/lib/jvm/java-11-openjdk-amd64/lib/libverify.so
7ff38bb1c000-7ff38bd1b000 ---p 0000d000 103:03 12326882                  /usr/lib/jvm/java-11-openjdk-amd64/lib/libverify.so
7ff38bd1b000-7ff38bd1d000 r--p 0000c000 103:03 12326882                  /usr/lib/jvm/java-11-openjdk-amd64/lib/libverify.so
7ff38bd1d000-7ff38bd1e000 rw-p 0000e000 103:03 12326882                  /usr/lib/jvm/java-11-openjdk-amd64/lib/libverify.so
7ff38bd1e000-7ff38bd25000 r-xp 00000000 103:03 3412784                   /lib/x86_64-linux-gnu/librt-2.27.so
7ff38bd25000-7ff38bf24000 ---p 00007000 103:03 3412784                   /lib/x86_64-linux-gnu/librt-2.27.so
7ff38bf24000-7ff38bf25000 r--p 00006000 103:03 3412784                   /lib/x86_64-linux-gnu/librt-2.27.so
7ff38bf25000-7ff38bf26000 rw-p 00007000 103:03 3412784                   /lib/x86_64-linux-gnu/librt-2.27.so
7ff38bf26000-7ff38bf3d000 r-xp 00000000 103:03 3409578                   /lib/x86_64-linux-gnu/libgcc_s.so.1
7ff38bf3d000-7ff38c13c000 ---p 00017000 103:03 3409578                   /lib/x86_64-linux-gnu/libgcc_s.so.1
7ff38c13c000-7ff38c13d000 r--p 00016000 103:03 3409578                   /lib/x86_64-linux-gnu/libgcc_s.so.1
7ff38c13d000-7ff38c13e000 rw-p 00017000 103:03 3409578                   /lib/x86_64-linux-gnu/libgcc_s.so.1
7ff38c13e000-7ff38c2db000 r-xp 00000000 103:03 3412706                   /lib/x86_64-linux-gnu/libm-2.27.so
7ff38c2db000-7ff38c4da000 ---p 0019d000 103:03 3412706                   /lib/x86_64-linux-gnu/libm-2.27.so
7ff38c4da000-7ff38c4db000 r--p 0019c000 103:03 3412706                   /lib/x86_64-linux-gnu/libm-2.27.so
7ff38c4db000-7ff38c4dc000 rw-p 0019d000 103:03 3412706                   /lib/x86_64-linux-gnu/libm-2.27.so
7ff38c4dc000-7ff38c655000 r-xp 00000000 103:03 12324342                  /usr/lib/x86_64-linux-gnu/libstdc++.so.6.0.25
7ff38c655000-7ff38c855000 ---p 00179000 103:03 12324342                  /usr/lib/x86_64-linux-gnu/libstdc++.so.6.0.25
7ff38c855000-7ff38c85f000 r--p 00179000 103:03 12324342                  /usr/lib/x86_64-linux-gnu/libstdc++.so.6.0.25
7ff38c85f000-7ff38c861000 rw-p 00183000 103:03 12324342                  /usr/lib/x86_64-linux-gnu/libstdc++.so.6.0.25
7ff38c861000-7ff38c865000 rw-p 00000000 00:00 0 
7ff38c865000-7ff38d939000 r-xp 00000000 103:03 12326887                  /usr/lib/jvm/java-11-openjdk-amd64/lib/server/libjvm.so
7ff38d939000-7ff38db39000 ---p 010d4000 103:03 12326887                  /usr/lib/jvm/java-11-openjdk-amd64/lib/server/libjvm.so
7ff38db39000-7ff38dbf6000 r--p 010d4000 103:03 12326887                  /usr/lib/jvm/java-11-openjdk-amd64/lib/server/libjvm.so
7ff38dbf6000-7ff38dc2f000 rw-p 01191000 103:03 12326887                  /usr/lib/jvm/java-11-openjdk-amd64/lib/server/libjvm.so
7ff38dc2f000-7ff38dc86000 rw-p 00000000 00:00 0 
7ff38dc86000-7ff38dca0000 r-xp 00000000 103:03 3412776                   /lib/x86_64-linux-gnu/libpthread-2.27.so
7ff38dca0000-7ff38de9f000 ---p 0001a000 103:03 3412776                   /lib/x86_64-linux-gnu/libpthread-2.27.so
7ff38de9f000-7ff38dea0000 r--p 00019000 103:03 3412776                   /lib/x86_64-linux-gnu/libpthread-2.27.so
7ff38dea0000-7ff38dea1000 rw-p 0001a000 103:03 3412776                   /lib/x86_64-linux-gnu/libpthread-2.27.so
7ff38dea1000-7ff38dea5000 rw-p 00000000 00:00 0 
7ff38dea5000-7ff38dea8000 r-xp 00000000 103:03 3412666                   /lib/x86_64-linux-gnu/libdl-2.27.so
7ff38dea8000-7ff38e0a7000 ---p 00003000 103:03 3412666                   /lib/x86_64-linux-gnu/libdl-2.27.so
7ff38e0a7000-7ff38e0a8000 r--p 00002000 103:03 3412666                   /lib/x86_64-linux-gnu/libdl-2.27.so
7ff38e0a8000-7ff38e0a9000 rw-p 00003000 103:03 3412666                   /lib/x86_64-linux-gnu/libdl-2.27.so
7ff38e0a9000-7ff38e0c5000 r-xp 00000000 103:03 3412815                   /lib/x86_64-linux-gnu/libz.so.1.2.11
7ff38e0c5000-7ff38e2c4000 ---p 0001c000 103:03 3412815                   /lib/x86_64-linux-gnu/libz.so.1.2.11
7ff38e2c4000-7ff38e2c5000 r--p 0001b000 103:03 3412815                   /lib/x86_64-linux-gnu/libz.so.1.2.11
7ff38e2c5000-7ff38e2c6000 rw-p 0001c000 103:03 3412815                   /lib/x86_64-linux-gnu/libz.so.1.2.11
7ff38e2c6000-7ff38e4ad000 r-xp 00000000 103:03 3412643                   /lib/x86_64-linux-gnu/libc-2.27.so
7ff38e4ad000-7ff38e6ad000 ---p 001e7000 103:03 3412643                   /lib/x86_64-linux-gnu/libc-2.27.so
7ff38e6ad000-7ff38e6b1000 r--p 001e7000 103:03 3412643                   /lib/x86_64-linux-gnu/libc-2.27.so
7ff38e6b1000-7ff38e6b3000 rw-p 001eb000 103:03 3412643                   /lib/x86_64-linux-gnu/libc-2.27.so
7ff38e6b3000-7ff38e6b7000 rw-p 00000000 00:00 0 
7ff38e6b7000-7ff38e6c7000 r-xp 00000000 103:03 12326778                  /usr/lib/jvm/java-11-openjdk-amd64/lib/jli/libjli.so
7ff38e6c7000-7ff38e8c6000 ---p 00010000 103:03 12326778                  /usr/lib/jvm/java-11-openjdk-amd64/lib/jli/libjli.so
7ff38e8c6000-7ff38e8c7000 r--p 0000f000 103:03 12326778                  /usr/lib/jvm/java-11-openjdk-amd64/lib/jli/libjli.so
7ff38e8c7000-7ff38e8c8000 rw-p 00010000 103:03 12326778                  /usr/lib/jvm/java-11-openjdk-amd64/lib/jli/libjli.so
7ff38e8c8000-7ff38e8ef000 r-xp 00000000 103:03 3412615                   /lib/x86_64-linux-gnu/ld-2.27.so
7ff38e948000-7ff38e9cc000 rw-p 00000000 00:00 0 
7ff38e9cc000-7ff38e9d3000 ---p 00000000 00:00 0 
7ff38e9d3000-7ff38e9d7000 ---p 00000000 00:00 0 
7ff38e9d7000-7ff38ead6000 rw-p 00000000 00:00 0 
7ff38eae1000-7ff38eae3000 r--s 00007000 103:03 12717567                  /usr/share/java/java-atk-wrapper.jar
7ff38eae3000-7ff38eaeb000 rw-s 00000000 103:03 1577244                   /tmp/hsperfdata_praveen/23645
7ff38eaeb000-7ff38eaec000 ---p 00000000 00:00 0 
7ff38eaec000-7ff38eaed000 r--p 00000000 00:00 0 
7ff38eaed000-7ff38eaef000 rw-p 00000000 00:00 0 
7ff38eaef000-7ff38eaf0000 r--p 00027000 103:03 3412615                   /lib/x86_64-linux-gnu/ld-2.27.so
7ff38eaf0000-7ff38eaf1000 rw-p 00028000 103:03 3412615                   /lib/x86_64-linux-gnu/ld-2.27.so
7ff38eaf1000-7ff38eaf2000 rw-p 00000000 00:00 0 
7ffdc14cb000-7ffdc14ed000 rw-p 00000000 00:00 0                          [stack]
7ffdc1529000-7ffdc152c000 r--p 00000000 00:00 0                          [vvar]
7ffdc152c000-7ffdc152e000 r-xp 00000000 00:00 0                          [vdso]
ffffffffff600000-ffffffffff601000 r-xp 00000000 00:00 0                  [vsyscall]


VM Arguments:
jvm_args: -ea -Dfile.encoding=UTF-8 
java_command: org.testng.remote.RemoteTestNG -serport 41963 -protocol json -d /home/praveen/eclipse-workspace/RestAssuredAPITesting/test-output /tmp/testng-eclipse-996274519/testng-customsuite.xml
java_class_path (initial): /home/praveen/.eclipse/360744294_linux_gtk_x86_64/configuration/org.eclipse.osgi/475/0/.cp/lib/testng-remote.jar:/home/praveen/eclipse-workspace/RestAssuredAPITesting/target/test-classes:/home/praveen/eclipse-workspace/RestAssuredAPITesting/target/classes:/home/praveen/.eclipse/360744294_linux_gtk_x86_64/plugins/org.testng_7.0.0.r201908191551.jar:/home/praveen/.eclipse/360744294_linux_gtk_x86_64/plugins/com.beust.jcommander_1.72.0.jar:/home/praveen/.eclipse/360744294_linux_gtk_x86_64/plugins/org.apache-extras.beanshell.bsh_2.0.0.b6.jar:/home/praveen/.eclipse/360744294_linux_gtk_x86_64/plugins/org.yaml.snakeyaml_1.21.0.jar:/home/praveen/.m2/repository/io/rest-assured/rest-assured/4.1.2/rest-assured-4.1.2.jar:/home/praveen/.m2/repository/org/codehaus/groovy/groovy/2.5.8/groovy-2.5.8.jar:/home/praveen/.m2/repository/org/codehaus/groovy/groovy-xml/2.5.8/groovy-xml-2.5.8.jar:/home/praveen/.m2/repository/org/apache/httpcomponents/httpclient/4.5.3/httpclient-4.5.3.jar:/home/praveen/.m2/repository/org/apache/httpcomponents/httpcore/4.4.6/httpcore-4.4.6.jar:/home/praveen/.m2/repository/commons-logging/commons-logging/1.2/commons-logging-1.2.jar:/home/praveen/.m2/repository/org/apache/httpcomponents/httpmime/4.5.3/httpmime-4.5.3.jar:/home/praveen/.m2/repository/org/hamcrest/hamcrest/2.1/hamcrest-2.1.jar:/home/praveen/.m2/repository/org/ccil/cowan/tagsoup/tagsoup/1.2.1/tagsoup-1.2.1.jar:/home/praveen/.m2/repository/io/rest-assured/json-path/4.1.2/json-path-4.1.2.jar:/home/praveen/.m2/repository/org/codehaus/groovy/groovy-json/2.5.8/groovy-json-2.5.8.jar:/home/praveen/.m2/repository/io/rest-assured/rest-assured-common/4.1.2/rest-assured-common-4.1.2.jar:/home/praveen/.m2/repository/io/rest-assured/xml-path/4.1.2/xml-path-4.1.2.jar:/home/praveen/.m2/repository/org/apache/commons/commons-lang3/3.4/commons-lang3-3.4.jar:/home/praveen/.m2/repository/javax/xml/bind/jaxb-api/2.3.1/jaxb-api-2.3.1.jar:/home/praveen/.m2/repository/javax/activation/javax.acti
Launcher Type: SUN_STANDARD

[Global flags]
     intx CICompilerCount                          = 4                                         {product} {ergonomic}
     uint ConcGCThreads                            = 2                                         {product} {ergonomic}
     uint G1ConcRefinementThreads                  = 8                                         {product} {ergonomic}
   size_t G1HeapRegionSize                         = 1048576                                   {product} {ergonomic}
    uintx GCDrainStackTargetSize                   = 64                                        {product} {ergonomic}
   size_t InitialHeapSize                          = 130023424                                 {product} {ergonomic}
   size_t MarkStackSize                            = 4194304                                   {product} {ergonomic}
   size_t MaxHeapSize                              = 2059403264                                {product} {ergonomic}
   size_t MinHeapDeltaBytes                        = 1048576                                   {product} {ergonomic}
    uintx NonNMethodCodeHeapSize                   = 5836300                                {pd product} {ergonomic}
    uintx NonProfiledCodeHeapSize                  = 122910970                              {pd product} {ergonomic}
    uintx ProfiledCodeHeapSize                     = 122910970                              {pd product} {ergonomic}
    uintx ReservedCodeCacheSize                    = 251658240                              {pd product} {ergonomic}
     bool SegmentedCodeCache                       = true                                      {product} {ergonomic}
     bool UseCompressedClassPointers               = true                                 {lp64_product} {ergonomic}
     bool UseCompressedOops                        = true                                 {lp64_product} {ergonomic}
     bool UseG1GC                                  = true                                      {product} {ergonomic}

Logging:
Log output configuration:
 #0: stdout all=warning uptime,level,tags
 #1: stderr all=off uptime,level,tags

Environment Variables:
PATH=/home/linuxbrew/.linuxbrew/bin:/home/linuxbrew/.linuxbrew/sbin:/home/praveen/bin:/usr/local/sbin:/usr/local/bin:/usr/sbin:/usr/bin:/sbin:/bin:/usr/games:/usr/local/games:/snap/bin
SHELL=/bin/bash
DISPLAY=:0

Signal Handlers:
SIGSEGV: [libjvm.so+0xdeda70], sa_mask[0]=11111111011111111101111111111110, sa_flags=SA_RESTART|SA_SIGINFO
SIGBUS: [libjvm.so+0xdeda70], sa_mask[0]=11111111011111111101111111111110, sa_flags=SA_RESTART|SA_SIGINFO
SIGFPE: [libjvm.so+0xdeda70], sa_mask[0]=11111111011111111101111111111110, sa_flags=SA_RESTART|SA_SIGINFO
SIGPIPE: [libjvm.so+0xbc3040], sa_mask[0]=11111111011111111101111111111110, sa_flags=SA_RESTART|SA_SIGINFO
SIGXFSZ: [libjvm.so+0xbc3040], sa_mask[0]=11111111011111111101111111111110, sa_flags=SA_RESTART|SA_SIGINFO
SIGILL: [libjvm.so+0xdeda70], sa_mask[0]=11111111011111111101111111111110, sa_flags=SA_RESTART|SA_SIGINFO
SIGUSR2: [libjvm.so+0xbc2ee0], sa_mask[0]=00100000000000000000000000000000, sa_flags=SA_RESTART|SA_SIGINFO
SIGHUP: SIG_DFL, sa_mask[0]=00000000000000000000000000000000, sa_flags=none
SIGINT: SIG_DFL, sa_mask[0]=00000000000000000000000000000000, sa_flags=none
SIGTERM: SIG_DFL, sa_mask[0]=00000000000000000000000000000000, sa_flags=none
SIGQUIT: SIG_DFL, sa_mask[0]=00000000000000000000000000000000, sa_flags=none


---------------  S Y S T E M  ---------------

OS:DISTRIB_ID=Ubuntu
DISTRIB_RELEASE=18.04
DISTRIB_CODENAME=bionic
DISTRIB_DESCRIPTION="Ubuntu 18.04.3 LTS"
uname:Linux 4.15.0-1065-oem #75-Ubuntu SMP Wed Nov 20 10:51:26 UTC 2019 x86_64
libc:glibc 2.27 NPTL 2.27 
rlimit: STACK 8192k, CORE 0k, NPROC 30984, NOFILE 1048576, AS infinity, DATA infinity, FSIZE infinity
load average:7.76 2.92 1.40

/proc/meminfo:
MemTotal:        8038624 kB
MemFree:          114804 kB
MemAvailable:      43452 kB
Buffers:            5560 kB
Cached:           774156 kB
SwapCached:            0 kB
Active:          6600952 kB
Inactive:         749280 kB
Active(anon):    6577252 kB
Inactive(anon):   722576 kB
Active(file):      23700 kB
Inactive(file):    26704 kB
Unevictable:         112 kB
Mlocked:             112 kB
SwapTotal:             0 kB
SwapFree:              0 kB
Dirty:                48 kB
Writeback:             0 kB
AnonPages:       6571792 kB
Mapped:           279468 kB
Shmem:            728148 kB
Slab:             261356 kB
SReclaimable:      86552 kB
SUnreclaim:       174804 kB
KernelStack:       29040 kB
PageTables:       138452 kB
NFS_Unstable:          0 kB
Bounce:                0 kB
WritebackTmp:          0 kB
CommitLimit:     4019312 kB
Committed_AS:   23932136 kB
VmallocTotal:   34359738367 kB
VmallocUsed:           0 kB
VmallocChunk:          0 kB
HardwareCorrupted:     0 kB
AnonHugePages:         0 kB
ShmemHugePages:        0 kB
ShmemPmdMapped:        0 kB
CmaTotal:              0 kB
CmaFree:               0 kB
HugePages_Total:       0
HugePages_Free:        0
HugePages_Rsvd:        0
HugePages_Surp:        0
Hugepagesize:       2048 kB
DirectMap4k:      534632 kB
DirectMap2M:     7725056 kB
DirectMap1G:           0 kB


/proc/sys/kernel/threads-max (system-wide limit on the number of threads):
61968


/proc/sys/vm/max_map_count (maximum number of memory map areas a process may have):
65530


/proc/sys/kernel/pid_max (system-wide limit on number of process identifiers):
32768



container (cgroup) information:
container_type: cgroupv1
cpu_cpuset_cpus: 0-7
cpu_memory_nodes: 0
active_processor_count: 8
cpu_quota: -1
cpu_period: 100000
cpu_shares: -1
memory_limit_in_bytes: -1
memory_and_swap_limit_in_bytes: -2
memory_soft_limit_in_bytes: -1
memory_usage_in_bytes: 6368108544
memory_max_usage_in_bytes: 6457688064

Steal ticks since vm start: 0
Steal ticks percentage since vm start:  0.000

CPU:total 8 (initial active 8) (4 cores per cpu, 2 threads per core) family 6 model 142 stepping 12, cmov, cx8, fxsr, mmx, sse, sse2, sse3, ssse3, sse4.1, sse4.2, popcnt, avx, avx2, aes, clmul, erms, 3dnowpref, lzcnt, ht, tsc, tscinvbit, bmi1, bmi2, adx, fma
CPU Model and flags from /proc/cpuinfo:
model name	: Intel(R) Core(TM) i5-8265U CPU @ 1.60GHz
flags		: fpu vme de pse tsc msr pae mce cx8 apic sep mtrr pge mca cmov pat pse36 clflush dts acpi mmx fxsr sse sse2 ss ht tm pbe syscall nx pdpe1gb rdtscp lm constant_tsc art arch_perfmon pebs bts rep_good nopl xtopology nonstop_tsc cpuid aperfmperf tsc_known_freq pni pclmulqdq dtes64 monitor ds_cpl vmx est tm2 ssse3 sdbg fma cx16 xtpr pdcm pcid sse4_1 sse4_2 x2apic movbe popcnt tsc_deadline_timer aes xsave avx f16c rdrand lahf_lm abm 3dnowprefetch cpuid_fault epb invpcid_single ssbd ibrs ibpb stibp ibrs_enhanced tpr_shadow vnmi flexpriority ept vpid fsgsbase tsc_adjust bmi1 avx2 smep bmi2 erms invpcid mpx rdseed adx smap clflushopt intel_pt xsaveopt xsavec xgetbv1 xsaves dtherm ida arat pln pts hwp hwp_notify hwp_act_window hwp_epp md_clear flush_l1d arch_capabilities

Memory: 4k page, physical 8038624k(114688k free), swap 0k(0k free)

vm_info: OpenJDK 64-Bit Server VM (11.0.5+10-post-Ubuntu-0ubuntu1.118.04) for linux-amd64 JRE (11.0.5+10-post-Ubuntu-0ubuntu1.118.04), built on Oct 16 2019 22:01:07 by "buildd" with gcc 7.4.0

END.
